2014-11-08 00:13:43,082 [      0]   INFO -        #com.intellij.idea.Main - ------------------------------------------------------ IDE STARTED ------------------------------------------------------ 
2014-11-08 00:13:43,090 [      8]   INFO -        #com.intellij.idea.Main - IDE: PhpStorm (build #PS-138.2001.2328, 18 Sep 2014 00:00) 
2014-11-08 00:13:43,090 [      8]   INFO -        #com.intellij.idea.Main - OS: Linux (3.16-2-amd64, amd64) 
2014-11-08 00:13:43,090 [      8]   INFO -        #com.intellij.idea.Main - JRE: 1.7.0_65-b32 (Oracle Corporation) 
2014-11-08 00:13:43,090 [      8]   INFO -        #com.intellij.idea.Main - JVM: 24.65-b04 (OpenJDK 64-Bit Server VM) 
2014-11-08 00:13:43,092 [     10]   INFO -        #com.intellij.idea.Main - JVM Args: -Xms128m -Xmx750m -XX:MaxPermSize=350m -XX:ReservedCodeCacheSize=225m -ea -Dsun.io.useCanonCaches=false -Djava.net.preferIPv4Stack=true -Djsse.enableSNIExtension=false -XX:+UseConcMarkSweepGC -XX:SoftRefLRUPolicyMSPerMB=50 -Dawt.useSystemAAFontSettings=lcd -Djb.vmOptionsFile=bin/phpstorm64.vmoptions -Xbootclasspath/a:bin/../lib/boot.jar -Didea.paths.selector=WebIde80 -Didea.platform.prefix=PhpStorm -Didea.no.jre.check=true -Djb.restart.code=88 
2014-11-08 00:13:43,111 [     29]   INFO -        #com.intellij.idea.Main - JNA library loaded (64-bit) in 19 ms 
2014-11-08 00:14:12,899 [  29817]   INFO - .intellij.idea.IdeaApplication - WM detected: GNOME Shell 
2014-11-08 00:14:12,900 [  29818]   INFO - llij.openapi.wm.impl.X11UiUtil - impersonated WM: MUTTER_WM 
2014-11-08 00:14:13,036 [  29954]   INFO - llij.ide.plugins.PluginManager - Cannot find optional descriptor uml-properties-support.xml 
2014-11-08 00:14:13,042 [  29960]   INFO - llij.ide.plugins.PluginManager - Cannot find optional descriptor uml-java-support.xml 
2014-11-08 00:14:13,701 [  30619]   INFO - llij.ide.plugins.PluginManager - 51 plugins initialized in 739 ms 
2014-11-08 00:14:13,701 [  30619]   INFO - llij.ide.plugins.PluginManager - Loaded bundled plugins: ASP (0.1), Apache config (.htaccess) support (138.2001.2328), Behat Support (138.2001.2328), Blade Support (138.2001.2328), CSS Support, CVS Integration (11), CoffeeScript (2.0), Command Line Tool Support (138.2001.2328), Database Tools and SQL (1.0), Drupal Support (138.2001.2328), File Watchers (138.2001.2328), Framework MVC Structure Support (138.2001.2328), GNU GetText files support (*.po) (136.SNAPSHOT), Gherkin (999.999), Git Integration (8.1), GitHub, Google App Engine Support for PHP (138.2001.2328), HAML, HTML Tools (2.0), IDEA CORE, Ini4Idea (138.2001.2328), IntelliLang (8.0), Java Server Pages Integration (1.0), JavaScript Debugger (1.0), JavaScript Intention Power Pack (0.9.4), JavaScript Support (1.0), LESS support, PHP (138.2001.2328), PHP Remote Interpreter (138.2001.2328), Perforce Integration (2.0), Phing Support (138.2001.2328), QuirksMode, REST Client, ReStructuredText Support (136.SNAPSHOT), Refactor-X (2.01), Remote Hosts Access (0.1), SASS support, SSH Remote Run (0.1), Subversion Integration (1.1), Task Management (1.0), Terminal (0.1), TextMate bundles support (VERSION), Twig Support (138.2001.2328), UML Support (1.0), Vagrant (138.2001.2328), W3C Validators (2.0), WordPress Support (138.2001.2328), XPathView + XSLT Support (4), XSLT-Debugger (1.4), YAML, hg4idea (10.0) 
2014-11-08 00:14:14,025 [  30943]   INFO - ellij.vfs.persistent.FSRecords - Marking VFS as corrupted 
2014-11-08 00:14:14,026 [  30944]   INFO - ellij.util.io.PagedFileStorage - lower=100; upper=200; buffer=10; max=739246080 
2014-11-08 00:14:14,057 [  30975]   INFO - api.vfs.impl.local.FileWatcher - Starting file watcher: /home/benoit/PhpStorm/bin/fsnotifier64 
2014-11-08 00:14:14,067 [  30985]   INFO - api.vfs.impl.local.FileWatcher - Native file watcher is operational. 
2014-11-08 00:14:14,113 [  31031]   INFO - s.impl.stores.FileBasedStorage - Document was not loaded for $APP_CONFIG$/other.xml file is null 
2014-11-08 00:14:14,123 [  31041]   INFO - s.impl.stores.FileBasedStorage - Document was not loaded for $APP_CONFIG$/project.default.xml file is null 
2014-11-08 00:14:14,148 [  31066]   INFO - s.impl.stores.FileBasedStorage - Document was not loaded for $APP_CONFIG$/filetypes.xml file is null 
2014-11-08 00:14:14,738 [  31656]   INFO - .history.utils.LocalHistoryLog - local history version mismatch (was: 0, expected: 5), rebuilding... 
2014-11-08 00:14:14,738 [  31656]   INFO - .history.utils.LocalHistoryLog - FS has been rebuild, rebuilding local history... 
2014-11-08 00:14:14,755 [  31673]   INFO - s.impl.stores.FileBasedStorage - Document was not loaded for $APP_CONFIG$/path.macros.xml file is null 
2014-11-08 00:14:14,758 [  31676]   INFO - s.impl.stores.FileBasedStorage - Document was not loaded for $APP_CONFIG$/ui.lnf.xml file is null 
2014-11-08 00:14:14,759 [  31677]   INFO - s.impl.stores.FileBasedStorage - Document was not loaded for $APP_CONFIG$/options.xml file is null 
2014-11-08 00:14:14,798 [  31716]   INFO - s.impl.stores.FileBasedStorage - Document was not loaded for $APP_CONFIG$/notifications.xml file is null 
2014-11-08 00:14:14,800 [  31718]   INFO - s.impl.stores.FileBasedStorage - Document was not loaded for $APP_CONFIG$/usage.statistics.xml file is null 
2014-11-08 00:14:14,802 [  31720]   INFO - s.impl.stores.FileBasedStorage - Document was not loaded for $APP_CONFIG$/statistics.application.usages.xml file is null 
2014-11-08 00:14:14,809 [  31727]   INFO - s.impl.stores.FileBasedStorage - Document was not loaded for $APP_CONFIG$/proxy.settings.xml file is null 
2014-11-08 00:14:14,847 [  31765]   INFO - s.impl.stores.FileBasedStorage - Document was not loaded for $APP_CONFIG$/keymap.xml file is null 
2014-11-08 00:14:14,926 [  31844]   INFO - s.impl.stores.FileBasedStorage - Document was not loaded for $APP_CONFIG$/abbreviations.xml file is null 
2014-11-08 00:14:14,962 [  31880]   INFO - s.impl.stores.FileBasedStorage - Document was not loaded for $APP_CONFIG$/window.manager.xml file is null 
2014-11-08 00:14:14,978 [  31896]   INFO - s.impl.stores.FileBasedStorage - Document was not loaded for $APP_CONFIG$/ide.general.xml file is null 
2014-11-08 00:14:14,986 [  31904]   INFO - s.impl.stores.FileBasedStorage - Document was not loaded for $APP_CONFIG$/editor.xml file is null 
2014-11-08 00:14:14,987 [  31905]   INFO - s.impl.stores.FileBasedStorage - Document was not loaded for $APP_CONFIG$/macros.xml file is null 
2014-11-08 00:14:14,992 [  31910]   INFO - s.impl.stores.FileBasedStorage - Document was not loaded for $APP_CONFIG$/quicklists.xml file is null 
2014-11-08 00:14:16,167 [  33085]   INFO - s.impl.stores.FileBasedStorage - Document was not loaded for $APP_CONFIG$/stubIndex.xml file is null 
2014-11-08 00:14:16,235 [  33153]   INFO - tellij.xml.Html5SchemaProvider - HTML5_SCHEMA_LOCATION = /home/benoit/PhpStorm/lib/phpstorm.jar!/resources/html5-schema/html5.rnc 
2014-11-08 00:14:16,235 [  33153]   INFO - tellij.xml.Html5SchemaProvider - XHTML5_SCHEMA_LOCATION = /home/benoit/PhpStorm/lib/phpstorm.jar!/resources/html5-schema/xhtml5.rnc 
2014-11-08 00:14:16,235 [  33153]   INFO - tellij.xml.Html5SchemaProvider - CHARS_DTD_LOCATION = /home/benoit/PhpStorm/lib/phpstorm.jar!/resources/html5-schema/html5chars.ent 
2014-11-08 00:14:16,422 [  33340]   INFO - s.impl.stores.FileBasedStorage - Document was not loaded for $APP_CONFIG$/colors.scheme.xml file is null 
2014-11-08 00:14:16,425 [  33343]   INFO - s.impl.stores.FileBasedStorage - Document was not loaded for $APP_CONFIG$/editor.codeinsight.xml file is null 
2014-11-08 00:14:16,458 [  33376]   INFO - ellij.project.impl.ProjectImpl - 19 project components initialized in 208 ms 
2014-11-08 00:14:16,459 [  33377]   INFO - le.impl.ModuleManagerComponent - 0 module(s) loaded in 0 ms 
2014-11-08 00:14:16,476 [  33394]   INFO - s.impl.stores.FileBasedStorage - Document was not loaded for $APP_CONFIG$/terminal.xml file is null 
2014-11-08 00:14:16,512 [  33430]   INFO - s.impl.stores.FileBasedStorage - Document was not loaded for $APP_CONFIG$/textmate.xml file is null 
2014-11-08 00:14:16,516 [  33434]   INFO - pl.stores.ApplicationStoreImpl - 81 application components initialized in 2798 ms 
2014-11-08 00:14:16,518 [  33436]   INFO - .intellij.idea.IdeaApplication - App initialization took 46706 ms 
2014-11-08 00:14:16,999 [  33917]   INFO - s.impl.stores.FileBasedStorage - Document was not loaded for $APP_CONFIG$/plugin_ui.xml file is null 
2014-11-08 00:14:55,050 [  71968]   INFO - s.impl.stores.FileBasedStorage - Document was not loaded for $APP_CONFIG$/code.style.schemes.xml file is null 
2014-11-08 00:14:55,545 [  72463]   INFO - Types.impl.FileTypeManagerImpl - FileTypeManager: 0 auto-detected files
Elapsed time on auto-detect: 0 ms 
2014-11-08 00:14:55,546 [  72464]   INFO - il.indexing.FileBasedIndexImpl - START INDEX SHUTDOWN 
2014-11-08 00:14:55,568 [  72486]   INFO - il.indexing.FileBasedIndexImpl - END INDEX SHUTDOWN 
2014-11-08 00:14:55,568 [  72486]   INFO - stubs.SerializationManagerImpl - START StubSerializationManager SHUTDOWN 
2014-11-08 00:14:55,568 [  72486]   INFO - stubs.SerializationManagerImpl - END StubSerializationManager SHUTDOWN 
2014-11-08 00:14:55,568 [  72486]   INFO - .history.utils.LocalHistoryLog - Purging local history... 
2014-11-08 00:14:55,569 [  72487]   INFO - .history.utils.LocalHistoryLog - Local history storage successfully closed. 
2014-11-08 00:14:55,667 [  72585]   WARN - api.vfs.impl.local.FileWatcher - Watcher terminated with exit code 0 
2014-11-08 00:14:55,667 [  72585]   INFO - newvfs.persistent.PersistentFS - VFS dispose started 
2014-11-08 00:14:55,669 [  72587]   INFO - newvfs.persistent.PersistentFS - VFS dispose completed 
2014-11-08 00:14:55,677 [  72595]   INFO -        #com.intellij.idea.Main - ------------------------------------------------------ IDE SHUTDOWN ------------------------------------------------------ 
2014-11-08 00:14:56,853 [      0]   INFO -        #com.intellij.idea.Main - ------------------------------------------------------ IDE STARTED ------------------------------------------------------ 
2014-11-08 00:14:56,863 [     10]   INFO -        #com.intellij.idea.Main - IDE: PhpStorm (build #PS-138.2001.2328, 18 Sep 2014 00:00) 
2014-11-08 00:14:56,863 [     10]   INFO -        #com.intellij.idea.Main - OS: Linux (3.16-2-amd64, amd64) 
2014-11-08 00:14:56,863 [     10]   INFO -        #com.intellij.idea.Main - JRE: 1.7.0_65-b32 (Oracle Corporation) 
2014-11-08 00:14:56,863 [     10]   INFO -        #com.intellij.idea.Main - JVM: 24.65-b04 (OpenJDK 64-Bit Server VM) 
2014-11-08 00:14:56,865 [     12]   INFO -        #com.intellij.idea.Main - JVM Args: -Xms128m -Xmx750m -XX:MaxPermSize=350m -XX:ReservedCodeCacheSize=225m -ea -Dsun.io.useCanonCaches=false -Djava.net.preferIPv4Stack=true -Djsse.enableSNIExtension=false -XX:+UseConcMarkSweepGC -XX:SoftRefLRUPolicyMSPerMB=50 -Dawt.useSystemAAFontSettings=lcd -Djb.vmOptionsFile=bin/phpstorm64.vmoptions -Xbootclasspath/a:bin/../lib/boot.jar -Didea.paths.selector=WebIde80 -Didea.platform.prefix=PhpStorm -Didea.no.jre.check=true -Djb.restart.code=88 
2014-11-08 00:14:56,884 [     31]   INFO -        #com.intellij.idea.Main - JNA library loaded (64-bit) in 19 ms 
2014-11-08 00:14:56,998 [    145]   INFO - .intellij.idea.IdeaApplication - WM detected: GNOME Shell 
2014-11-08 00:14:56,999 [    146]   INFO - llij.openapi.wm.impl.X11UiUtil - impersonated WM: MUTTER_WM 
2014-11-08 00:14:57,177 [    324]   INFO - llij.ide.plugins.PluginManager - Cannot find optional descriptor uml-java-support.xml 
2014-11-08 00:14:57,185 [    332]   INFO - llij.ide.plugins.PluginManager - Cannot find optional descriptor uml-properties-support.xml 
2014-11-08 00:14:57,907 [   1054]   INFO - llij.ide.plugins.PluginManager - 51 plugins initialized in 801 ms 
2014-11-08 00:14:57,908 [   1055]   INFO - llij.ide.plugins.PluginManager - Loaded bundled plugins: ASP (0.1), Apache config (.htaccess) support (138.2001.2328), Behat Support (138.2001.2328), Blade Support (138.2001.2328), CSS Support, CVS Integration (11), CoffeeScript (2.0), Command Line Tool Support (138.2001.2328), Database Tools and SQL (1.0), Drupal Support (138.2001.2328), File Watchers (138.2001.2328), Framework MVC Structure Support (138.2001.2328), GNU GetText files support (*.po) (136.SNAPSHOT), Gherkin (999.999), Git Integration (8.1), GitHub, Google App Engine Support for PHP (138.2001.2328), HAML, HTML Tools (2.0), IDEA CORE, Ini4Idea (138.2001.2328), IntelliLang (8.0), Java Server Pages Integration (1.0), JavaScript Debugger (1.0), JavaScript Intention Power Pack (0.9.4), JavaScript Support (1.0), LESS support, PHP (138.2001.2328), PHP Remote Interpreter (138.2001.2328), Perforce Integration (2.0), Phing Support (138.2001.2328), QuirksMode, REST Client, ReStructuredText Support (136.SNAPSHOT), Refactor-X (2.01), Remote Hosts Access (0.1), SASS support, SSH Remote Run (0.1), Subversion Integration (1.1), Task Management (1.0), Terminal (0.1), TextMate bundles support (VERSION), Twig Support (138.2001.2328), UML Support (1.0), Vagrant (138.2001.2328), W3C Validators (2.0), WordPress Support (138.2001.2328), XPathView + XSLT Support (4), XSLT-Debugger (1.4), YAML, hg4idea (10.0) 
2014-11-08 00:14:58,243 [   1390]   INFO - ellij.util.io.PagedFileStorage - lower=100; upper=200; buffer=10; max=739246080 
2014-11-08 00:14:58,272 [   1419]   INFO - api.vfs.impl.local.FileWatcher - Starting file watcher: /home/benoit/PhpStorm/bin/fsnotifier64 
2014-11-08 00:14:58,279 [   1426]   INFO - api.vfs.impl.local.FileWatcher - Native file watcher is operational. 
2014-11-08 00:14:58,327 [   1474]   INFO - s.impl.stores.FileBasedStorage - Document was not loaded for $APP_CONFIG$/path.macros.xml file is null 
2014-11-08 00:14:58,330 [   1477]   INFO - pi.util.registry.RegistryState - Registry values changed by user: 
2014-11-08 00:14:58,330 [   1477]   INFO - pi.util.registry.RegistryState -   ide.new.settings.dialog = false 
2014-11-08 00:14:59,011 [   2158]   INFO - s.impl.stores.FileBasedStorage - Document was not loaded for $APP_CONFIG$/ui.lnf.xml file is null 
2014-11-08 00:14:59,113 [   2260]   INFO - s.impl.stores.FileBasedStorage - Document was not loaded for $APP_CONFIG$/notifications.xml file is null 
2014-11-08 00:14:59,127 [   2274]   INFO - s.impl.stores.FileBasedStorage - Document was not loaded for $APP_CONFIG$/statistics.application.usages.xml file is null 
2014-11-08 00:14:59,135 [   2282]   INFO - s.impl.stores.FileBasedStorage - Document was not loaded for $APP_CONFIG$/proxy.settings.xml file is null 
2014-11-08 00:14:59,140 [   2287]   INFO - lij.diagnostic.DebugLogManager - Set DEBUG for the following categories: [] 
2014-11-08 00:14:59,255 [   2402]   INFO - s.impl.stores.FileBasedStorage - Document was not loaded for $APP_CONFIG$/abbreviations.xml file is null 
2014-11-08 00:14:59,292 [   2439]   INFO - s.impl.stores.FileBasedStorage - Document was not loaded for $APP_CONFIG$/window.manager.xml file is null 
2014-11-08 00:14:59,321 [   2468]   INFO - s.impl.stores.FileBasedStorage - Document was not loaded for $APP_CONFIG$/macros.xml file is null 
2014-11-08 00:14:59,325 [   2472]   INFO - s.impl.stores.FileBasedStorage - Document was not loaded for $APP_CONFIG$/quicklists.xml file is null 
2014-11-08 00:14:59,608 [   2755]   INFO - s.impl.stores.FileBasedStorage - Document was not loaded for $APP_CONFIG$/terminal.xml file is null 
2014-11-08 00:14:59,640 [   2787]   INFO - s.impl.stores.FileBasedStorage - Document was not loaded for $APP_CONFIG$/textmate.xml file is null 
2014-11-08 00:14:59,644 [   2791]   INFO - pl.stores.ApplicationStoreImpl - 81 application components initialized in 1719 ms 
2014-11-08 00:14:59,646 [   2793]   INFO - .intellij.idea.IdeaApplication - App initialization took 3249 ms 
2014-11-08 00:15:11,440 [  14587]   INFO - s.impl.stores.FileBasedStorage - Document was not loaded for $APP_CONFIG$/code.style.schemes.xml file is null 
2014-11-08 00:15:11,546 [  14693]   INFO - Types.impl.FileTypeManagerImpl - FileTypeManager: 0 auto-detected files
Elapsed time on auto-detect: 0 ms 
2014-11-08 00:15:11,548 [  14695]   INFO - il.indexing.FileBasedIndexImpl - START INDEX SHUTDOWN 
2014-11-08 00:15:11,585 [  14732]   INFO - il.indexing.FileBasedIndexImpl - END INDEX SHUTDOWN 
2014-11-08 00:15:11,585 [  14732]   INFO - stubs.SerializationManagerImpl - START StubSerializationManager SHUTDOWN 
2014-11-08 00:15:11,586 [  14733]   INFO - stubs.SerializationManagerImpl - END StubSerializationManager SHUTDOWN 
2014-11-08 00:15:11,587 [  14734]   INFO - .history.utils.LocalHistoryLog - Purging local history... 
2014-11-08 00:15:11,589 [  14736]   INFO - .history.utils.LocalHistoryLog - Local history storage successfully closed. 
2014-11-08 00:15:11,659 [  14806]   WARN - api.vfs.impl.local.FileWatcher - Watcher terminated with exit code 0 
2014-11-08 00:15:11,659 [  14806]   INFO - newvfs.persistent.PersistentFS - VFS dispose started 
2014-11-08 00:15:11,661 [  14808]   INFO - newvfs.persistent.PersistentFS - VFS dispose completed 
2014-11-08 00:15:11,664 [  14811]   INFO -        #com.intellij.idea.Main - ------------------------------------------------------ IDE SHUTDOWN ------------------------------------------------------ 
2014-11-11 17:17:59,368 [      0]   INFO -        #com.intellij.idea.Main - ------------------------------------------------------ IDE STARTED ------------------------------------------------------ 
2014-11-11 17:17:59,381 [     13]   INFO -        #com.intellij.idea.Main - IDE: PhpStorm (build #PS-138.2001.2328, 18 Sep 2014 00:00) 
2014-11-11 17:17:59,381 [     13]   INFO -        #com.intellij.idea.Main - OS: Linux (3.16-3-amd64, amd64) 
2014-11-11 17:17:59,381 [     13]   INFO -        #com.intellij.idea.Main - JRE: 1.7.0_65-b32 (Oracle Corporation) 
2014-11-11 17:17:59,381 [     13]   INFO -        #com.intellij.idea.Main - JVM: 24.65-b04 (OpenJDK 64-Bit Server VM) 
2014-11-11 17:17:59,385 [     17]   INFO -        #com.intellij.idea.Main - JVM Args: -Xms128m -Xmx750m -XX:MaxPermSize=350m -XX:ReservedCodeCacheSize=225m -ea -Dsun.io.useCanonCaches=false -Djava.net.preferIPv4Stack=true -Djsse.enableSNIExtension=false -XX:+UseConcMarkSweepGC -XX:SoftRefLRUPolicyMSPerMB=50 -Dawt.useSystemAAFontSettings=lcd -Djb.vmOptionsFile=/home/benoit/PhpStorm/bin/phpstorm64.vmoptions -Xbootclasspath/a:/home/benoit/PhpStorm/bin/../lib/boot.jar -Didea.paths.selector=WebIde80 -Didea.platform.prefix=PhpStorm -Didea.no.jre.check=true -Djb.restart.code=88 
2014-11-11 17:17:59,403 [     35]   INFO -        #com.intellij.idea.Main - JNA library loaded (64-bit) in 18 ms 
2014-11-11 17:17:59,549 [    181]   INFO - .intellij.idea.IdeaApplication - WM detected: GNOME Shell 
2014-11-11 17:17:59,550 [    182]   INFO - llij.openapi.wm.impl.X11UiUtil - impersonated WM: MUTTER_WM 
2014-11-11 17:17:59,766 [    398]   INFO - llij.ide.plugins.PluginManager - Cannot find optional descriptor uml-properties-support.xml 
2014-11-11 17:17:59,774 [    406]   INFO - llij.ide.plugins.PluginManager - Cannot find optional descriptor uml-java-support.xml 
2014-11-11 17:18:00,527 [   1159]   INFO - llij.ide.plugins.PluginManager - 51 plugins initialized in 838 ms 
2014-11-11 17:18:00,528 [   1160]   INFO - llij.ide.plugins.PluginManager - Loaded bundled plugins: ASP (0.1), Apache config (.htaccess) support (138.2001.2328), Behat Support (138.2001.2328), Blade Support (138.2001.2328), CSS Support, CVS Integration (11), CoffeeScript (2.0), Command Line Tool Support (138.2001.2328), Database Tools and SQL (1.0), Drupal Support (138.2001.2328), File Watchers (138.2001.2328), Framework MVC Structure Support (138.2001.2328), GNU GetText files support (*.po) (136.SNAPSHOT), Gherkin (999.999), Git Integration (8.1), GitHub, Google App Engine Support for PHP (138.2001.2328), HAML, HTML Tools (2.0), IDEA CORE, Ini4Idea (138.2001.2328), IntelliLang (8.0), Java Server Pages Integration (1.0), JavaScript Debugger (1.0), JavaScript Intention Power Pack (0.9.4), JavaScript Support (1.0), LESS support, PHP (138.2001.2328), PHP Remote Interpreter (138.2001.2328), Perforce Integration (2.0), Phing Support (138.2001.2328), QuirksMode, REST Client, ReStructuredText Support (136.SNAPSHOT), Refactor-X (2.01), Remote Hosts Access (0.1), SASS support, SSH Remote Run (0.1), Subversion Integration (1.1), Task Management (1.0), Terminal (0.1), TextMate bundles support (VERSION), Twig Support (138.2001.2328), UML Support (1.0), Vagrant (138.2001.2328), W3C Validators (2.0), WordPress Support (138.2001.2328), XPathView + XSLT Support (4), XSLT-Debugger (1.4), YAML, hg4idea (10.0) 
2014-11-11 17:18:01,053 [   1685]   INFO - ellij.util.io.PagedFileStorage - lower=100; upper=200; buffer=10; max=739246080 
2014-11-11 17:18:01,092 [   1724]   INFO - api.vfs.impl.local.FileWatcher - Starting file watcher: /home/benoit/PhpStorm/bin/fsnotifier64 
2014-11-11 17:18:01,099 [   1731]   INFO - api.vfs.impl.local.FileWatcher - Native file watcher is operational. 
2014-11-11 17:18:01,156 [   1788]   INFO - s.impl.stores.FileBasedStorage - Document was not loaded for $APP_CONFIG$/path.macros.xml file is null 
2014-11-11 17:18:01,159 [   1791]   INFO - pi.util.registry.RegistryState - Registry values changed by user: 
2014-11-11 17:18:01,159 [   1791]   INFO - pi.util.registry.RegistryState -   ide.new.settings.dialog = false 
2014-11-11 17:18:01,987 [   2619]   INFO - s.impl.stores.FileBasedStorage - Document was not loaded for $APP_CONFIG$/ui.lnf.xml file is null 
2014-11-11 17:18:02,119 [   2751]   INFO - s.impl.stores.FileBasedStorage - Document was not loaded for $APP_CONFIG$/notifications.xml file is null 
2014-11-11 17:18:02,132 [   2764]   INFO - s.impl.stores.FileBasedStorage - Document was not loaded for $APP_CONFIG$/proxy.settings.xml file is null 
2014-11-11 17:18:02,139 [   2771]   INFO - lij.diagnostic.DebugLogManager - Set DEBUG for the following categories: [] 
2014-11-11 17:18:02,288 [   2920]   INFO - s.impl.stores.FileBasedStorage - Document was not loaded for $APP_CONFIG$/abbreviations.xml file is null 
2014-11-11 17:18:02,331 [   2963]   INFO - s.impl.stores.FileBasedStorage - Document was not loaded for $APP_CONFIG$/window.manager.xml file is null 
2014-11-11 17:18:02,366 [   2998]   INFO - s.impl.stores.FileBasedStorage - Document was not loaded for $APP_CONFIG$/macros.xml file is null 
2014-11-11 17:18:02,372 [   3004]   INFO - s.impl.stores.FileBasedStorage - Document was not loaded for $APP_CONFIG$/quicklists.xml file is null 
2014-11-11 17:18:03,082 [   3714]   INFO - s.impl.stores.FileBasedStorage - Document was not loaded for $APP_CONFIG$/terminal.xml file is null 
2014-11-11 17:18:03,125 [   3757]   INFO - s.impl.stores.FileBasedStorage - Document was not loaded for $APP_CONFIG$/textmate.xml file is null 
2014-11-11 17:18:03,129 [   3761]   INFO - pl.stores.ApplicationStoreImpl - 81 application components initialized in 2530 ms 
2014-11-11 17:18:03,132 [   3764]   INFO - .intellij.idea.IdeaApplication - App initialization took 4617 ms 
2014-11-11 17:18:04,495 [   5127]   INFO - s.impl.stores.FileBasedStorage - Document was not loaded for $APP_CONFIG$/code.style.schemes.xml file is null 
2014-11-11 17:26:25,295 [ 505927]   INFO - ellij.project.impl.ProjectImpl - 19 project components initialized in 207 ms 
2014-11-11 17:26:25,295 [ 505927]   INFO - le.impl.ModuleManagerComponent - 0 module(s) loaded in 0 ms 
2014-11-11 17:26:25,854 [ 506486]   INFO - s.impl.stores.FileBasedStorage - Document was not loaded for $APP_CONFIG$/encoding.xml file is null 
2014-11-11 17:26:32,126 [ 512758]   INFO - s.impl.stores.FileBasedStorage - Document was not loaded for $APP_CONFIG$/vcs.xml file is null 
2014-11-11 17:26:32,221 [ 512853]   INFO - s.impl.stores.FileBasedStorage - Document was not loaded for $APP_CONFIG$/webServers.xml file is null 
2014-11-11 17:26:32,279 [ 512911]   INFO - ellij.project.impl.ProjectImpl - 125 project components initialized in 665 ms 
2014-11-11 17:26:32,339 [ 512971]   INFO - le.impl.ModuleManagerComponent - 1 module(s) loaded in 60 ms 
2014-11-11 17:26:32,400 [ 513032]   INFO - s.impl.stores.FileBasedStorage - Document was not loaded for $APP_CONFIG$/customization.xml file is null 
2014-11-11 17:26:32,427 [ 513059]   INFO - om.intellij.util.ProfilingUtil - Profiling agent is not enabled. Add -agentlib:yjpagent to idea.vmoptions if necessary to profile IDEA. 
2014-11-11 17:26:32,700 [ 513332]   INFO - roject.impl.ProjectManagerImpl - FW/roots waiting started 
2014-11-11 17:26:32,816 [ 513448]   INFO - s.impl.stores.FileBasedStorage - Document was not loaded for $PROJECT_CONFIG_DIR$/templateLanguages.xml file is null 
2014-11-11 17:26:32,817 [ 513449]   INFO - s.impl.stores.FileBasedStorage - Document was not loaded for $APP_CONFIG$/templateLanguages.xml file is null 
2014-11-11 17:26:32,844 [ 513476]   INFO - rains.ide.BuiltInServerManager - built-in server started, port 63342 
2014-11-11 17:26:33,251 [ 513883]   INFO - s.impl.stores.FileBasedStorage - Document was not loaded for $PROJECT_CONFIG_DIR$/fileColors.xml file is null 
2014-11-11 17:26:33,283 [ 513915]   INFO - s.impl.stores.FileBasedStorage - Document was not loaded for $PROJECT_CONFIG_DIR$/watcherTasks.xml file is null 
2014-11-11 17:26:33,362 [ 513994]   INFO - s.impl.stores.FileBasedStorage - Document was not loaded for $PROJECT_CONFIG_DIR$/phing.xml file is null 
2014-11-11 17:26:33,455 [ 514087]   INFO - s.impl.stores.FileBasedStorage - Document was not loaded for $APP_CONFIG$/web-browsers.xml file is null 
2014-11-11 17:26:34,174 [ 514806]   INFO - roject.impl.ProjectManagerImpl - FW/roots waiting finished 
2014-11-11 17:26:34,205 [ 514837]   INFO - s.impl.stores.FileBasedStorage - Document was not loaded for $PROJECT_CONFIG_DIR$/sqldialects.xml file is null 
2014-11-11 17:26:34,285 [ 514917]   INFO - s.impl.stores.FileBasedStorage - Document was not loaded for $PROJECT_CONFIG_DIR$/webResources.xml file is null 
2014-11-11 17:26:34,306 [ 514938]   INFO - tor.impl.FileEditorManagerImpl - Project opening took 2731 ms 
2014-11-11 17:26:35,940 [ 516572]   INFO - s.impl.stores.FileBasedStorage - Document was not loaded for $APP_CONFIG$/IntelliLang.xml file is null 
2014-11-11 17:26:35,942 [ 516574]   INFO - s.impl.stores.FileBasedStorage - Document was not loaded for $PROJECT_CONFIG_DIR$/IntelliLang.xml file is null 
2014-11-11 17:26:36,671 [ 517303]   INFO - s.impl.stores.FileBasedStorage - Document was not loaded for $APP_CONFIG$/applicationLibraries.xml file is null 
2014-11-11 17:26:36,676 [ 517308]   INFO - indexing.UnindexedFilesUpdater - Indexable files iterated in 1274 ms 
2014-11-11 17:26:36,676 [ 517308]   INFO - indexing.UnindexedFilesUpdater - Unindexed files update started: 8014 files to update 
2014-11-11 17:26:41,075 [ 521707]   INFO - s.impl.stores.FileBasedStorage - Document was not loaded for $APP_CONFIG$/databaseSettings.xml file is null 
2014-11-11 17:26:41,410 [ 522042]   INFO - s.impl.stores.FileBasedStorage - Document was not loaded for $APP_CONFIG$/file.template.settings.xml file is null 
2014-11-11 17:26:43,307 [ 523939]   INFO - s.impl.stores.FileBasedStorage - Document was not loaded for $APP_CONFIG$/feature.usage.statistics.xml file is null 
2014-11-11 17:26:43,472 [ 524104]   INFO - s.impl.stores.FileBasedStorage - Document was not loaded for $PROJECT_CONFIG_DIR$/cssdialects.xml file is null 
2014-11-11 17:26:43,572 [ 524204]   INFO - s.impl.stores.FileBasedStorage - Document was not loaded for $APP_CONFIG$/postfixTemplates.xml file is null 
2014-11-11 17:26:59,973 [ 540605]   INFO - indexing.UnindexedFilesUpdater - Unindexed files update done in 23297 ms 
2014-11-11 17:27:01,853 [ 542485]   INFO - s.impl.stores.FileBasedStorage - Document was not loaded for $APP_CONFIG$/cachedDictionary.xml file is null 
2014-11-11 17:27:48,837 [ 589469]   INFO - s.impl.stores.FileBasedStorage - Document was not loaded for $APP_CONFIG$/dataSources.xml file is null 
2014-11-11 17:27:48,839 [ 589471]   INFO - s.impl.stores.FileBasedStorage - Document was not loaded for $PROJECT_CONFIG_DIR$/dataSources.xml file is null 
2014-11-11 17:27:48,843 [ 589475]   INFO - s.impl.stores.FileBasedStorage - Document was not loaded for $PROJECT_CONFIG_DIR$/sqlDataSources.xml file is null 
2014-11-11 17:27:48,848 [ 589480]   INFO - s.impl.stores.FileBasedStorage - Document was not loaded for $PROJECT_CONFIG_DIR$/jsLibraryMappings.xml file is null 
2014-11-11 17:27:48,855 [ 589487]   INFO - s.impl.stores.FileBasedStorage - Document was not loaded for $APP_CONFIG$/php.xml file is null 
2014-11-11 17:27:48,900 [ 589532]   INFO - s.impl.stores.FileBasedStorage - Document was not loaded for $APP_CONFIG$/dataSources.local.xml file is null 
2014-11-11 17:27:48,922 [ 589554]   INFO - s.impl.stores.FileBasedStorage - Document was not loaded for $PROJECT_CONFIG_DIR$/databaseColors.xml file is null 
2014-11-11 17:27:48,925 [ 589557]   INFO - s.impl.stores.FileBasedStorage - Document was not loaded for $PROJECT_CONFIG_DIR$/dataSources.local.xml file is null 
2014-11-11 17:27:48,997 [ 589629]   INFO - org.jetbrains.io.BuiltInServer - web server stopped 
2014-11-11 17:27:48,998 [ 589630]   INFO - Types.impl.FileTypeManagerImpl - FileTypeManager: 707 auto-detected files
Elapsed time on auto-detect: 153 ms 
2014-11-11 17:27:49,035 [ 589667]   INFO - il.indexing.FileBasedIndexImpl - START INDEX SHUTDOWN 
2014-11-11 17:27:49,042 [ 589674]   INFO - il.indexing.FileBasedIndexImpl - END INDEX SHUTDOWN 
2014-11-11 17:27:49,042 [ 589674]   INFO - stubs.SerializationManagerImpl - START StubSerializationManager SHUTDOWN 
2014-11-11 17:27:49,042 [ 589674]   INFO - stubs.SerializationManagerImpl - END StubSerializationManager SHUTDOWN 
2014-11-11 17:27:49,043 [ 589675]   INFO - .history.utils.LocalHistoryLog - Purging local history... 
2014-11-11 17:27:49,044 [ 589676]   INFO - .history.utils.LocalHistoryLog - Local history storage successfully closed. 
2014-11-11 17:27:49,232 [ 589864]   WARN - api.vfs.impl.local.FileWatcher - Watcher terminated with exit code 0 
2014-11-11 17:27:49,233 [ 589865]   INFO - newvfs.persistent.PersistentFS - VFS dispose started 
2014-11-11 17:27:49,235 [ 589867]   INFO - newvfs.persistent.PersistentFS - VFS dispose completed 
2014-11-11 17:27:49,239 [ 589871]   INFO -        #com.intellij.idea.Main - ------------------------------------------------------ IDE SHUTDOWN ------------------------------------------------------ 
2014-11-11 17:27:50,450 [      0]   INFO -        #com.intellij.idea.Main - ------------------------------------------------------ IDE STARTED ------------------------------------------------------ 
2014-11-11 17:27:50,460 [     10]   INFO -        #com.intellij.idea.Main - IDE: PhpStorm (build #PS-138.2001.2328, 18 Sep 2014 00:00) 
2014-11-11 17:27:50,460 [     10]   INFO -        #com.intellij.idea.Main - OS: Linux (3.16-3-amd64, amd64) 
2014-11-11 17:27:50,460 [     10]   INFO -        #com.intellij.idea.Main - JRE: 1.7.0_65-b32 (Oracle Corporation) 
2014-11-11 17:27:50,460 [     10]   INFO -        #com.intellij.idea.Main - JVM: 24.65-b04 (OpenJDK 64-Bit Server VM) 
2014-11-11 17:27:50,461 [     11]   INFO -        #com.intellij.idea.Main - JVM Args: -Xms128m -Xmx750m -XX:MaxPermSize=350m -XX:ReservedCodeCacheSize=225m -ea -Dsun.io.useCanonCaches=false -Djava.net.preferIPv4Stack=true -Djsse.enableSNIExtension=false -XX:+UseConcMarkSweepGC -XX:SoftRefLRUPolicyMSPerMB=50 -Dawt.useSystemAAFontSettings=lcd -Djb.vmOptionsFile=/home/benoit/PhpStorm/bin/phpstorm64.vmoptions -Xbootclasspath/a:/home/benoit/PhpStorm/bin/../lib/boot.jar -Didea.paths.selector=WebIde80 -Didea.platform.prefix=PhpStorm -Didea.no.jre.check=true -Djb.restart.code=88 
2014-11-11 17:27:50,475 [     25]   INFO -        #com.intellij.idea.Main - JNA library loaded (64-bit) in 14 ms 
2014-11-11 17:27:50,589 [    139]   INFO - .intellij.idea.IdeaApplication - WM detected: GNOME Shell 
2014-11-11 17:27:50,590 [    140]   INFO - llij.openapi.wm.impl.X11UiUtil - impersonated WM: MUTTER_WM 
2014-11-11 17:27:50,857 [    407]   INFO - llij.ide.plugins.PluginManager - Cannot find optional descriptor uml-properties-support.xml 
2014-11-11 17:27:50,866 [    416]   INFO - llij.ide.plugins.PluginManager - Cannot find optional descriptor uml-java-support.xml 
2014-11-11 17:27:51,472 [   1022]   INFO - llij.ide.plugins.PluginManager - 54 plugins initialized in 774 ms 
2014-11-11 17:27:51,473 [   1023]   INFO - llij.ide.plugins.PluginManager - Loaded bundled plugins: ASP (0.1), Apache config (.htaccess) support (138.2001.2328), Behat Support (138.2001.2328), Blade Support (138.2001.2328), CSS Support, CVS Integration (11), CoffeeScript (2.0), Command Line Tool Support (138.2001.2328), Database Tools and SQL (1.0), Drupal Support (138.2001.2328), File Watchers (138.2001.2328), Framework MVC Structure Support (138.2001.2328), GNU GetText files support (*.po) (136.SNAPSHOT), Gherkin (999.999), Git Integration (8.1), GitHub, Google App Engine Support for PHP (138.2001.2328), HAML, HTML Tools (2.0), IDEA CORE, Ini4Idea (138.2001.2328), IntelliLang (8.0), Java Server Pages Integration (1.0), JavaScript Debugger (1.0), JavaScript Intention Power Pack (0.9.4), JavaScript Support (1.0), LESS support, PHP (138.2001.2328), PHP Remote Interpreter (138.2001.2328), Perforce Integration (2.0), Phing Support (138.2001.2328), QuirksMode, REST Client, ReStructuredText Support (136.SNAPSHOT), Refactor-X (2.01), Remote Hosts Access (0.1), SASS support, SSH Remote Run (0.1), Subversion Integration (1.1), Task Management (1.0), Terminal (0.1), TextMate bundles support (VERSION), Twig Support (138.2001.2328), UML Support (1.0), Vagrant (138.2001.2328), W3C Validators (2.0), WordPress Support (138.2001.2328), XPathView + XSLT Support (4), XSLT-Debugger (1.4), YAML, hg4idea (10.0) 
2014-11-11 17:27:51,473 [   1023]   INFO - llij.ide.plugins.PluginManager - Loaded custom plugins: PHP Annotations (1.5.1), PHPUnit code coverage (0.5.0), Symfony2 Plugin (0.11.77) 
2014-11-11 17:27:51,802 [   1352]   INFO - ellij.util.io.PagedFileStorage - lower=100; upper=200; buffer=10; max=739246080 
2014-11-11 17:27:51,855 [   1405]   INFO - api.vfs.impl.local.FileWatcher - Starting file watcher: /home/benoit/PhpStorm/bin/fsnotifier64 
2014-11-11 17:27:51,861 [   1411]   INFO - api.vfs.impl.local.FileWatcher - Native file watcher is operational. 
2014-11-11 17:27:51,939 [   1489]   INFO - s.impl.stores.FileBasedStorage - Document was not loaded for $APP_CONFIG$/path.macros.xml file is null 
2014-11-11 17:27:51,943 [   1493]   INFO - pi.util.registry.RegistryState - Registry values changed by user: 
2014-11-11 17:27:51,943 [   1493]   INFO - pi.util.registry.RegistryState -   ide.new.settings.dialog = false 
2014-11-11 17:27:52,620 [   2170]   INFO - s.impl.stores.FileBasedStorage - Document was not loaded for $APP_CONFIG$/ui.lnf.xml file is null 
2014-11-11 17:27:52,747 [   2297]   INFO - s.impl.stores.FileBasedStorage - Document was not loaded for $APP_CONFIG$/proxy.settings.xml file is null 
2014-11-11 17:27:52,752 [   2302]   INFO - lij.diagnostic.DebugLogManager - Set DEBUG for the following categories: [] 
2014-11-11 17:27:52,866 [   2416]   INFO - s.impl.stores.FileBasedStorage - Document was not loaded for $APP_CONFIG$/abbreviations.xml file is null 
2014-11-11 17:27:52,936 [   2486]   INFO - s.impl.stores.FileBasedStorage - Document was not loaded for $APP_CONFIG$/macros.xml file is null 
2014-11-11 17:27:52,940 [   2490]   INFO - s.impl.stores.FileBasedStorage - Document was not loaded for $APP_CONFIG$/quicklists.xml file is null 
2014-11-11 17:27:53,572 [   3122]   INFO - s.impl.stores.FileBasedStorage - Document was not loaded for $APP_CONFIG$/terminal.xml file is null 
2014-11-11 17:27:53,614 [   3164]   INFO - s.impl.stores.FileBasedStorage - Document was not loaded for $APP_CONFIG$/textmate.xml file is null 
2014-11-11 17:27:53,619 [   3169]   INFO - pl.stores.ApplicationStoreImpl - 82 application components initialized in 2128 ms 
2014-11-11 17:27:53,622 [   3172]   INFO - .intellij.idea.IdeaApplication - App initialization took 3621 ms 
2014-11-11 17:27:53,717 [   3267]   INFO - s.impl.stores.FileBasedStorage - Document was not loaded for $APP_CONFIG$/customization.xml file is null 
2014-11-11 17:27:53,767 [   3317]   INFO - om.intellij.util.ProfilingUtil - Profiling agent is not enabled. Add -agentlib:yjpagent to idea.vmoptions if necessary to profile IDEA. 
2014-11-11 17:27:54,733 [   4283]   INFO - s.impl.stores.FileBasedStorage - Document was not loaded for $APP_CONFIG$/vcs.xml file is null 
2014-11-11 17:27:54,860 [   4410]   INFO - ellij.project.impl.ProjectImpl - 130 project components initialized in 679 ms 
2014-11-11 17:27:54,910 [   4460]   INFO - le.impl.ModuleManagerComponent - 1 module(s) loaded in 50 ms 
2014-11-11 17:27:55,156 [   4706]   INFO - s.impl.stores.FileBasedStorage - Document was not loaded for $PROJECT_CONFIG_DIR$/symfony2.xml file is null 
2014-11-11 17:27:55,222 [   4772]   INFO - s.impl.stores.FileBasedStorage - Document was not loaded for $PROJECT_CONFIG_DIR$/sqldialects.xml file is null 
2014-11-11 17:27:55,295 [   4845]   INFO - s.impl.stores.FileBasedStorage - Document was not loaded for $PROJECT_CONFIG_DIR$/templateLanguages.xml file is null 
2014-11-11 17:27:55,305 [   4855]   INFO - s.impl.stores.FileBasedStorage - Document was not loaded for $APP_CONFIG$/templateLanguages.xml file is null 
2014-11-11 17:27:55,320 [   4870]   INFO - rains.ide.BuiltInServerManager - built-in server started, port 63342 
2014-11-11 17:27:55,813 [   5363]   INFO - s.impl.stores.FileBasedStorage - Document was not loaded for $PROJECT_CONFIG_DIR$/fileColors.xml file is null 
2014-11-11 17:27:55,870 [   5420]   INFO - s.impl.stores.FileBasedStorage - Document was not loaded for $PROJECT_CONFIG_DIR$/watcherTasks.xml file is null 
2014-11-11 17:27:55,961 [   5511]   INFO - s.impl.stores.FileBasedStorage - Document was not loaded for $PROJECT_CONFIG_DIR$/phing.xml file is null 
2014-11-11 17:27:56,451 [   6001]   INFO - s.impl.stores.FileBasedStorage - Document was not loaded for $APP_CONFIG$/applicationLibraries.xml file is null 
2014-11-11 17:27:56,459 [   6009]   INFO - indexing.UnindexedFilesUpdater - Indexable files iterated in 677 ms 
2014-11-11 17:27:56,459 [   6009]   INFO - indexing.UnindexedFilesUpdater - Unindexed files update started: 5794 files to update 
2014-11-11 17:27:57,831 [   7381]   INFO - s.impl.stores.FileBasedStorage - Document was not loaded for $PROJECT_CONFIG_DIR$/webResources.xml file is null 
2014-11-11 17:27:57,916 [   7466]   INFO - tor.impl.FileEditorManagerImpl - Project opening took 3756 ms 
2014-11-11 17:28:04,355 [  13905]   INFO - indexing.UnindexedFilesUpdater - Unindexed files update done in 7896 ms 
2014-11-11 17:28:04,495 [  14045]   INFO - s.impl.stores.FileBasedStorage - Document was not loaded for $APP_CONFIG$/remote-servers.xml file is null 
2014-11-11 17:28:04,843 [  14393]   INFO - s.impl.stores.FileBasedStorage - Document was not loaded for $PROJECT_CONFIG_DIR$/IntelliLang.xml file is null 
2014-11-11 17:28:06,341 [  15891]   INFO - s.impl.stores.FileBasedStorage - Document was not loaded for $PROJECT_CONFIG_DIR$/jsLibraryMappings.xml file is null 
2014-11-11 17:28:06,770 [  16320]   INFO - s.impl.stores.FileBasedStorage - Document was not loaded for $APP_CONFIG$/cachedDictionary.xml file is null 
2014-11-11 17:28:08,522 [  18072]   INFO - s.impl.stores.FileBasedStorage - Document was not loaded for $APP_CONFIG$/file.template.settings.xml file is null 
2014-11-11 17:28:32,549 [  42099]   INFO - s.impl.stores.FileBasedStorage - Document was not loaded for $PROJECT_CONFIG_DIR$/cssdialects.xml file is null 
2014-11-11 17:28:32,596 [  42146]   INFO - s.impl.stores.FileBasedStorage - Document was not loaded for $APP_CONFIG$/postfixTemplates.xml file is null 
2014-11-11 17:29:20,916 [  90466]   INFO -                Symfony2-Plugin - new instance: fr.adrienbrault.idea.symfony2plugin.dic.XmlServiceParser 
2014-11-11 17:29:20,949 [  90499]   INFO -                Symfony2-Plugin - update: fr.adrienbrault.idea.symfony2plugin.dic.XmlServiceParser 
2014-11-11 17:29:20,950 [  90500]   INFO -                Symfony2-Plugin - new instance: fr.adrienbrault.idea.symfony2plugin.templating.path.TwigPathServiceParser 
2014-11-11 17:29:20,985 [  90535]   INFO -                Symfony2-Plugin - update: fr.adrienbrault.idea.symfony2plugin.templating.path.TwigPathServiceParser 
2014-11-11 17:29:20,985 [  90535]   INFO -                Symfony2-Plugin - new instance: fr.adrienbrault.idea.symfony2plugin.config.component.parser.ParameterServiceParser 
2014-11-11 17:29:21,015 [  90565]   INFO -                Symfony2-Plugin - update: fr.adrienbrault.idea.symfony2plugin.config.component.parser.ParameterServiceParser 
2014-11-11 17:29:21,062 [  90612]   INFO -                Symfony2-Plugin - update routing: /home/benoit/workspace/test-sf2/app/cache/dev/appDevUrlGenerator.php 
2014-11-11 17:29:21,914 [  91464]   INFO - s.impl.stores.FileBasedStorage - Document was not loaded for $APP_CONFIG$/intentionSettings.xml file is null 
2014-11-11 17:30:33,588 [ 163138]   WARN - api.vfs.impl.local.FileWatcher - Watcher terminated with exit code 3 
2014-11-11 17:30:33,588 [ 163138]   INFO - api.vfs.impl.local.FileWatcher - Starting file watcher: /home/benoit/PhpStorm/bin/fsnotifier64 
2014-11-11 17:36:14,625 [ 504175]   INFO - s.impl.stores.FileBasedStorage - Document was not loaded for $APP_CONFIG$/dataSources.xml file is null 
2014-11-11 17:36:14,626 [ 504176]   INFO - s.impl.stores.FileBasedStorage - Document was not loaded for $PROJECT_CONFIG_DIR$/dataSources.xml file is null 
2014-11-11 17:36:14,630 [ 504180]   INFO - s.impl.stores.FileBasedStorage - Document was not loaded for $PROJECT_CONFIG_DIR$/sqlDataSources.xml file is null 
2014-11-11 17:36:16,788 [ 506338]   INFO -                Symfony2-Plugin - new instance: fr.adrienbrault.idea.symfony2plugin.templating.path.TwigPathServiceParser 
2014-11-11 17:36:16,799 [ 506349]   INFO -                Symfony2-Plugin - update: fr.adrienbrault.idea.symfony2plugin.templating.path.TwigPathServiceParser 
2014-11-11 17:36:25,861 [ 515411]   INFO - s.impl.stores.FileBasedStorage - Document was not loaded for $APP_CONFIG$/emmet.xml file is null 
2014-11-11 17:36:41,201 [ 530751]   INFO - s.impl.stores.FileBasedStorage - Document was not loaded for $PROJECT_CONFIG_DIR$/dataSources.local.xml file is null 
2014-11-11 17:36:41,251 [ 530801]   INFO - s.impl.stores.FileBasedStorage - Document was not loaded for $APP_CONFIG$/dataSources.local.xml file is null 
2014-11-11 17:37:12,468 [ 562018]   INFO -                Symfony2-Plugin - new instance: fr.adrienbrault.idea.symfony2plugin.dic.XmlServiceParser 
2014-11-11 17:37:12,485 [ 562035]   INFO -                Symfony2-Plugin - update: fr.adrienbrault.idea.symfony2plugin.dic.XmlServiceParser 
2014-11-11 17:37:12,494 [ 562044]   INFO -                Symfony2-Plugin - new instance: fr.adrienbrault.idea.symfony2plugin.templating.path.TwigPathServiceParser 
2014-11-11 17:37:12,507 [ 562057]   INFO -                Symfony2-Plugin - update: fr.adrienbrault.idea.symfony2plugin.templating.path.TwigPathServiceParser 
2014-11-11 17:37:12,508 [ 562058]   INFO -                Symfony2-Plugin - new instance: fr.adrienbrault.idea.symfony2plugin.config.component.parser.ParameterServiceParser 
2014-11-11 17:37:12,526 [ 562076]   INFO -                Symfony2-Plugin - update: fr.adrienbrault.idea.symfony2plugin.config.component.parser.ParameterServiceParser 
2014-11-11 17:40:46,751 [ 776301]   INFO - s.impl.stores.FileBasedStorage - Document was not loaded for $APP_CONFIG$/editor.rich.copy.xml file is null 
2014-11-11 17:40:52,971 [ 782521]   INFO - tellij.xml.Html5SchemaProvider - HTML5_SCHEMA_LOCATION = /home/benoit/PhpStorm/lib/phpstorm.jar!/resources/html5-schema/html5.rnc 
2014-11-11 17:40:52,972 [ 782522]   INFO - tellij.xml.Html5SchemaProvider - XHTML5_SCHEMA_LOCATION = /home/benoit/PhpStorm/lib/phpstorm.jar!/resources/html5-schema/xhtml5.rnc 
2014-11-11 17:40:52,972 [ 782522]   INFO - tellij.xml.Html5SchemaProvider - CHARS_DTD_LOCATION = /home/benoit/PhpStorm/lib/phpstorm.jar!/resources/html5-schema/html5chars.ent 
2014-11-11 18:00:41,843 [1971393]   INFO -                Symfony2-Plugin - new instance: fr.adrienbrault.idea.symfony2plugin.dic.XmlServiceParser 
2014-11-11 18:00:41,875 [1971425]   INFO -                Symfony2-Plugin - update: fr.adrienbrault.idea.symfony2plugin.dic.XmlServiceParser 
2014-11-11 18:00:41,875 [1971425]   INFO -                Symfony2-Plugin - new instance: fr.adrienbrault.idea.symfony2plugin.templating.path.TwigPathServiceParser 
2014-11-11 18:00:41,915 [1971465]   INFO -                Symfony2-Plugin - update: fr.adrienbrault.idea.symfony2plugin.templating.path.TwigPathServiceParser 
2014-11-11 18:00:41,915 [1971465]   INFO -                Symfony2-Plugin - new instance: fr.adrienbrault.idea.symfony2plugin.config.component.parser.ParameterServiceParser 
2014-11-11 18:00:41,953 [1971503]   INFO -                Symfony2-Plugin - update: fr.adrienbrault.idea.symfony2plugin.config.component.parser.ParameterServiceParser 
2014-11-11 18:00:41,980 [1971530]   INFO -                Symfony2-Plugin - update routing: /home/benoit/workspace/test-sf2/app/cache/dev/appDevUrlGenerator.php 
2014-11-11 23:06:50,134 [20339684]   INFO -   #com.intellij.AbstractBundle - Cannot load resource bundle from *.properties file, falling back to slow class loading: messages.WebIdeBundle 
2014-11-11 23:06:50,135 [20339685]   INFO - j.ide.plugins.PluginDescriptor - Cannot find plugin com.intellij resource-bundle: messages.WebIdeBundle 
2014-11-11 23:08:26,295 [20435845]   INFO -                Symfony2-Plugin - new instance: fr.adrienbrault.idea.symfony2plugin.doctrine.component.EntityNamesServiceParser 
2014-11-11 23:08:26,315 [20435865]   INFO -                Symfony2-Plugin - update: fr.adrienbrault.idea.symfony2plugin.doctrine.component.EntityNamesServiceParser 
2014-11-11 23:08:26,316 [20435866]   INFO -                Symfony2-Plugin - new instance: fr.adrienbrault.idea.symfony2plugin.doctrine.component.DocumentNamespacesParser 
2014-11-11 23:08:26,334 [20435884]   INFO -                Symfony2-Plugin - update: fr.adrienbrault.idea.symfony2plugin.doctrine.component.DocumentNamespacesParser 
2014-11-11 23:11:35,491 [20625041]   INFO - openapi.editor.impl.EditorImpl - Cache hits:4096, total requests:5268,file:///home/benoit/workspace/test-sf2/src/OC/PlatformBundle/Entity/Image.php 
2014-11-11 23:13:30,074 [20739624]   INFO - openapi.editor.impl.EditorImpl - Cache hits:8192, total requests:10443,file:///home/benoit/workspace/test-sf2/src/OC/PlatformBundle/Entity/Image.php 
2014-11-11 23:15:06,891 [20836441]   INFO - s.impl.stores.FileBasedStorage - Document was not loaded for $APP_CONFIG$/php.xml file is null 
2014-11-11 23:23:16,727 [21326277]   INFO - s.impl.stores.FileBasedStorage - Document was not loaded for $APP_CONFIG$/images.support.xml file is null 
2014-11-11 23:37:03,720 [22153270]   INFO - openapi.editor.impl.EditorImpl - Cache hits:4096, total requests:5956,file:///home/benoit/workspace/test-sf2/src/OC/PlatformBundle/Entity/Advert.php 
2014-11-11 23:46:29,814 [22719364]   INFO - openapi.editor.impl.EditorImpl - Cache hits:4096, total requests:10030,file:///home/benoit/workspace/test-sf2/src/OC/PlatformBundle/Controller/AdvertController.php 
2014-11-11 23:57:33,562 [23383112]   INFO -                Symfony2-Plugin - new instance: fr.adrienbrault.idea.symfony2plugin.templating.globals.TwigGlobalsServiceParser 
2014-11-11 23:57:33,576 [23383126]   INFO -                Symfony2-Plugin - update: fr.adrienbrault.idea.symfony2plugin.templating.globals.TwigGlobalsServiceParser 
2014-11-11 23:57:57,965 [23407515]   INFO - openapi.editor.impl.EditorImpl - Cache hits:4096, total requests:6872,file:///home/benoit/workspace/test-sf2/src/OC/PlatformBundle/Resources/views/Advert/view.html.twig 
2014-11-12 00:02:38,561 [23688111]   INFO - openapi.editor.impl.EditorImpl - Cache hits:8192, total requests:18786,file:///home/benoit/workspace/test-sf2/src/OC/PlatformBundle/Controller/AdvertController.php 
2014-11-12 00:04:34,664 [23804214]   INFO - openapi.editor.impl.EditorImpl - Cache hits:12288, total requests:25792,file:///home/benoit/workspace/test-sf2/src/OC/PlatformBundle/Controller/AdvertController.php 
2014-11-12 00:05:38,735 [23868285]   INFO - openapi.editor.impl.EditorImpl - Cache hits:16384, total requests:33462,file:///home/benoit/workspace/test-sf2/src/OC/PlatformBundle/Controller/AdvertController.php 
2014-11-12 00:08:02,961 [24012511]   INFO - openapi.editor.impl.EditorImpl - Cache hits:20480, total requests:41522,file:///home/benoit/workspace/test-sf2/src/OC/PlatformBundle/Controller/AdvertController.php 
2014-11-12 00:08:38,858 [24048408]   INFO - s.impl.stores.FileBasedStorage - Document was not loaded for $PROJECT_CONFIG_DIR$/databaseColors.xml file is null 
2014-11-12 00:08:38,885 [24048435]   INFO -                Symfony2-Plugin - clean ServiceXmlParserFactory for test-sf2 
2014-11-12 00:08:38,927 [24048477]   INFO - org.jetbrains.io.BuiltInServer - web server stopped 
2014-11-12 00:08:38,928 [24048478]   INFO - Types.impl.FileTypeManagerImpl - FileTypeManager: 13 auto-detected files
Elapsed time on auto-detect: 8 ms 
2014-11-12 00:08:38,938 [24048488]   INFO - il.indexing.FileBasedIndexImpl - START INDEX SHUTDOWN 
2014-11-12 00:08:38,953 [24048503]   INFO - il.indexing.FileBasedIndexImpl - END INDEX SHUTDOWN 
2014-11-12 00:08:38,953 [24048503]   INFO - stubs.SerializationManagerImpl - START StubSerializationManager SHUTDOWN 
2014-11-12 00:08:38,953 [24048503]   INFO - stubs.SerializationManagerImpl - END StubSerializationManager SHUTDOWN 
2014-11-12 00:08:38,954 [24048504]   INFO - .history.utils.LocalHistoryLog - Purging local history... 
2014-11-12 00:08:38,955 [24048505]   INFO - .history.utils.LocalHistoryLog - Local history storage successfully closed. 
2014-11-12 00:08:39,052 [24048602]   WARN - api.vfs.impl.local.FileWatcher - Watcher terminated with exit code 0 
2014-11-12 00:08:39,053 [24048603]   INFO - newvfs.persistent.PersistentFS - VFS dispose started 
2014-11-12 00:08:39,054 [24048604]   INFO - newvfs.persistent.PersistentFS - VFS dispose completed 
2014-11-12 00:08:39,058 [24048608]   INFO -        #com.intellij.idea.Main - ------------------------------------------------------ IDE SHUTDOWN ------------------------------------------------------ 
2014-11-13 22:36:06,609 [      0]   INFO -        #com.intellij.idea.Main - ------------------------------------------------------ IDE STARTED ------------------------------------------------------ 
2014-11-13 22:36:06,622 [     13]   INFO -        #com.intellij.idea.Main - IDE: PhpStorm (build #PS-138.2001.2328, 18 Sep 2014 00:00) 
2014-11-13 22:36:06,622 [     13]   INFO -        #com.intellij.idea.Main - OS: Linux (3.16-3-amd64, amd64) 
2014-11-13 22:36:06,622 [     13]   INFO -        #com.intellij.idea.Main - JRE: 1.7.0_65-b32 (Oracle Corporation) 
2014-11-13 22:36:06,622 [     13]   INFO -        #com.intellij.idea.Main - JVM: 24.65-b04 (OpenJDK 64-Bit Server VM) 
2014-11-13 22:36:06,626 [     17]   INFO -        #com.intellij.idea.Main - JVM Args: -Xms128m -Xmx750m -XX:MaxPermSize=350m -XX:ReservedCodeCacheSize=225m -ea -Dsun.io.useCanonCaches=false -Djava.net.preferIPv4Stack=true -Djsse.enableSNIExtension=false -XX:+UseConcMarkSweepGC -XX:SoftRefLRUPolicyMSPerMB=50 -Dawt.useSystemAAFontSettings=lcd -Djb.vmOptionsFile=/home/benoit/PhpStorm/bin/phpstorm64.vmoptions -Xbootclasspath/a:/home/benoit/PhpStorm/bin/../lib/boot.jar -Didea.paths.selector=WebIde80 -Didea.platform.prefix=PhpStorm -Didea.no.jre.check=true -Djb.restart.code=88 
2014-11-13 22:36:06,642 [     33]   INFO -        #com.intellij.idea.Main - JNA library loaded (64-bit) in 16 ms 
2014-11-13 22:36:06,789 [    180]   INFO - .intellij.idea.IdeaApplication - WM detected: GNOME Shell 
2014-11-13 22:36:06,790 [    181]   INFO - llij.openapi.wm.impl.X11UiUtil - impersonated WM: MUTTER_WM 
2014-11-13 22:36:07,103 [    494]   INFO - llij.ide.plugins.PluginManager - Cannot find optional descriptor uml-java-support.xml 
2014-11-13 22:36:07,111 [    502]   INFO - llij.ide.plugins.PluginManager - Cannot find optional descriptor uml-properties-support.xml 
2014-11-13 22:36:07,776 [   1167]   INFO - llij.ide.plugins.PluginManager - 54 plugins initialized in 843 ms 
2014-11-13 22:36:07,776 [   1167]   INFO - llij.ide.plugins.PluginManager - Loaded bundled plugins: ASP (0.1), Apache config (.htaccess) support (138.2001.2328), Behat Support (138.2001.2328), Blade Support (138.2001.2328), CSS Support, CVS Integration (11), CoffeeScript (2.0), Command Line Tool Support (138.2001.2328), Database Tools and SQL (1.0), Drupal Support (138.2001.2328), File Watchers (138.2001.2328), Framework MVC Structure Support (138.2001.2328), GNU GetText files support (*.po) (136.SNAPSHOT), Gherkin (999.999), Git Integration (8.1), GitHub, Google App Engine Support for PHP (138.2001.2328), HAML, HTML Tools (2.0), IDEA CORE, Ini4Idea (138.2001.2328), IntelliLang (8.0), Java Server Pages Integration (1.0), JavaScript Debugger (1.0), JavaScript Intention Power Pack (0.9.4), JavaScript Support (1.0), LESS support, PHP (138.2001.2328), PHP Remote Interpreter (138.2001.2328), Perforce Integration (2.0), Phing Support (138.2001.2328), QuirksMode, REST Client, ReStructuredText Support (136.SNAPSHOT), Refactor-X (2.01), Remote Hosts Access (0.1), SASS support, SSH Remote Run (0.1), Subversion Integration (1.1), Task Management (1.0), Terminal (0.1), TextMate bundles support (VERSION), Twig Support (138.2001.2328), UML Support (1.0), Vagrant (138.2001.2328), W3C Validators (2.0), WordPress Support (138.2001.2328), XPathView + XSLT Support (4), XSLT-Debugger (1.4), YAML, hg4idea (10.0) 
2014-11-13 22:36:07,777 [   1168]   INFO - llij.ide.plugins.PluginManager - Loaded custom plugins: PHP Annotations (1.5.1), PHPUnit code coverage (0.5.0), Symfony2 Plugin (0.11.77) 
2014-11-13 22:36:08,250 [   1641]   INFO - ellij.util.io.PagedFileStorage - lower=100; upper=200; buffer=10; max=739246080 
2014-11-13 22:36:08,317 [   1708]   INFO - api.vfs.impl.local.FileWatcher - Starting file watcher: /home/benoit/PhpStorm/bin/fsnotifier64 
2014-11-13 22:36:08,324 [   1715]   INFO - api.vfs.impl.local.FileWatcher - Native file watcher is operational. 
2014-11-13 22:36:08,415 [   1806]   INFO - s.impl.stores.FileBasedStorage - Document was not loaded for $APP_CONFIG$/path.macros.xml file is null 
2014-11-13 22:36:08,420 [   1811]   INFO - pi.util.registry.RegistryState - Registry values changed by user: 
2014-11-13 22:36:08,420 [   1811]   INFO - pi.util.registry.RegistryState -   ide.new.settings.dialog = false 
2014-11-13 22:36:09,418 [   2809]   INFO - s.impl.stores.FileBasedStorage - Document was not loaded for $APP_CONFIG$/proxy.settings.xml file is null 
2014-11-13 22:36:09,426 [   2817]   INFO - lij.diagnostic.DebugLogManager - Set DEBUG for the following categories: [] 
2014-11-13 22:36:09,568 [   2959]   INFO - s.impl.stores.FileBasedStorage - Document was not loaded for $APP_CONFIG$/abbreviations.xml file is null 
2014-11-13 22:36:09,650 [   3041]   INFO - s.impl.stores.FileBasedStorage - Document was not loaded for $APP_CONFIG$/macros.xml file is null 
2014-11-13 22:36:09,655 [   3046]   INFO - s.impl.stores.FileBasedStorage - Document was not loaded for $APP_CONFIG$/quicklists.xml file is null 
2014-11-13 22:36:10,367 [   3758]   INFO - s.impl.stores.FileBasedStorage - Document was not loaded for $APP_CONFIG$/terminal.xml file is null 
2014-11-13 22:36:10,413 [   3804]   INFO - s.impl.stores.FileBasedStorage - Document was not loaded for $APP_CONFIG$/textmate.xml file is null 
2014-11-13 22:36:10,418 [   3809]   INFO - pl.stores.ApplicationStoreImpl - 82 application components initialized in 2619 ms 
2014-11-13 22:36:10,421 [   3812]   INFO - .intellij.idea.IdeaApplication - App initialization took 4573 ms 
2014-11-13 22:36:10,567 [   3958]   INFO - s.impl.stores.FileBasedStorage - Document was not loaded for $APP_CONFIG$/customization.xml file is null 
2014-11-13 22:36:10,637 [   4028]   INFO - om.intellij.util.ProfilingUtil - Profiling agent is not enabled. Add -agentlib:yjpagent to idea.vmoptions if necessary to profile IDEA. 
2014-11-13 22:36:11,717 [   5108]   INFO - s.impl.stores.FileBasedStorage - Document was not loaded for $APP_CONFIG$/vcs.xml file is null 
2014-11-13 22:36:11,880 [   5271]   INFO - ellij.project.impl.ProjectImpl - 130 project components initialized in 823 ms 
2014-11-13 22:36:11,940 [   5331]   INFO - le.impl.ModuleManagerComponent - 1 module(s) loaded in 60 ms 
2014-11-13 22:36:12,207 [   5598]   INFO - roject.impl.ProjectManagerImpl - FW/roots waiting started 
2014-11-13 22:36:12,342 [   5733]   INFO - s.impl.stores.FileBasedStorage - Document was not loaded for $PROJECT_CONFIG_DIR$/templateLanguages.xml file is null 
2014-11-13 22:36:12,343 [   5734]   INFO - s.impl.stores.FileBasedStorage - Document was not loaded for $APP_CONFIG$/templateLanguages.xml file is null 
2014-11-13 22:36:12,349 [   5740]   INFO - rains.ide.BuiltInServerManager - built-in server started, port 63342 
2014-11-13 22:36:12,844 [   6235]   INFO - s.impl.stores.FileBasedStorage - Document was not loaded for $PROJECT_CONFIG_DIR$/fileColors.xml file is null 
2014-11-13 22:36:13,109 [   6500]   INFO - s.impl.stores.FileBasedStorage - Document was not loaded for $PROJECT_CONFIG_DIR$/watcherTasks.xml file is null 
2014-11-13 22:36:13,138 [   6529]   INFO - roject.impl.ProjectManagerImpl - FW/roots waiting finished 
2014-11-13 22:36:13,190 [   6581]   INFO - s.impl.stores.FileBasedStorage - Document was not loaded for $PROJECT_CONFIG_DIR$/phing.xml file is null 
2014-11-13 22:36:13,288 [   6679]   INFO - s.impl.stores.FileBasedStorage - Document was not loaded for $PROJECT_CONFIG_DIR$/sqldialects.xml file is null 
2014-11-13 22:36:14,370 [   7761]   INFO - s.impl.stores.FileBasedStorage - Document was not loaded for $APP_CONFIG$/applicationLibraries.xml file is null 
2014-11-13 22:36:14,383 [   7774]   INFO - indexing.UnindexedFilesUpdater - Indexable files iterated in 565 ms 
2014-11-13 22:36:14,384 [   7775]   INFO - indexing.UnindexedFilesUpdater - Unindexed files update started: 1 files to update 
2014-11-13 22:36:14,673 [   8064]   INFO - tor.impl.FileEditorManagerImpl - Project opening took 3647 ms 
2014-11-13 22:36:14,679 [   8070]   INFO - s.impl.stores.FileBasedStorage - Document was not loaded for $PROJECT_CONFIG_DIR$/webResources.xml file is null 
2014-11-13 22:36:14,713 [   8104]   INFO - indexing.UnindexedFilesUpdater - Unindexed files update done in 329 ms 
2014-11-13 22:36:14,965 [   8356]   INFO - s.impl.stores.FileBasedStorage - Document was not loaded for $APP_CONFIG$/remote-servers.xml file is null 
2014-11-13 22:36:15,071 [   8462]   INFO - s.impl.stores.FileBasedStorage - Document was not loaded for $PROJECT_CONFIG_DIR$/jsLibraryMappings.xml file is null 
2014-11-13 22:36:15,325 [   8716]   INFO - s.impl.stores.FileBasedStorage - Document was not loaded for $PROJECT_CONFIG_DIR$/IntelliLang.xml file is null 
2014-11-13 22:36:15,428 [   8819]   INFO -                Symfony2-Plugin - new instance: fr.adrienbrault.idea.symfony2plugin.dic.XmlServiceParser 
2014-11-13 22:36:15,499 [   8890]   INFO -                Symfony2-Plugin - update: fr.adrienbrault.idea.symfony2plugin.dic.XmlServiceParser 
2014-11-13 22:36:15,500 [   8891]   INFO -                Symfony2-Plugin - new instance: fr.adrienbrault.idea.symfony2plugin.templating.path.TwigPathServiceParser 
2014-11-13 22:36:15,792 [   9183]   INFO -                Symfony2-Plugin - update: fr.adrienbrault.idea.symfony2plugin.templating.path.TwigPathServiceParser 
2014-11-13 22:36:15,792 [   9183]   INFO -                Symfony2-Plugin - new instance: fr.adrienbrault.idea.symfony2plugin.config.component.parser.ParameterServiceParser 
2014-11-13 22:36:15,881 [   9272]   INFO -                Symfony2-Plugin - update: fr.adrienbrault.idea.symfony2plugin.config.component.parser.ParameterServiceParser 
2014-11-13 22:36:16,072 [   9463]   INFO -                Symfony2-Plugin - update routing: /home/benoit/workspace/test-sf2/app/cache/dev/appDevUrlGenerator.php 
2014-11-13 22:36:17,157 [  10548]   INFO - s.impl.stores.FileBasedStorage - Document was not loaded for $APP_CONFIG$/intentionSettings.xml file is null 
2014-11-13 22:36:17,637 [  11028]   INFO - s.impl.stores.FileBasedStorage - Document was not loaded for $APP_CONFIG$/cachedDictionary.xml file is null 
2014-11-13 22:36:18,292 [  11683]   INFO - s.impl.stores.FileBasedStorage - Document was not loaded for $APP_CONFIG$/dataSources.xml file is null 
2014-11-13 22:36:18,299 [  11690]   INFO - s.impl.stores.FileBasedStorage - Document was not loaded for $PROJECT_CONFIG_DIR$/dataSources.xml file is null 
2014-11-13 22:36:18,303 [  11694]   INFO - s.impl.stores.FileBasedStorage - Document was not loaded for $PROJECT_CONFIG_DIR$/sqlDataSources.xml file is null 
2014-11-13 22:36:25,554 [  18945]   INFO - s.impl.stores.FileBasedStorage - Document was not loaded for $APP_CONFIG$/file.template.settings.xml file is null 
2014-11-13 22:36:39,022 [  32413]   INFO - s.impl.stores.FileBasedStorage - Document was not loaded for $APP_CONFIG$/php.xml file is null 
2014-11-13 22:36:39,085 [  32476]   INFO - s.impl.stores.FileBasedStorage - Document was not loaded for $APP_CONFIG$/dataSources.local.xml file is null 
2014-11-13 22:36:39,171 [  32562]   INFO - s.impl.stores.FileBasedStorage - Document was not loaded for $PROJECT_CONFIG_DIR$/databaseColors.xml file is null 
2014-11-13 22:36:39,180 [  32571]   INFO - s.impl.stores.FileBasedStorage - Document was not loaded for $PROJECT_CONFIG_DIR$/dataSources.local.xml file is null 
2014-11-13 22:36:39,335 [  32726]   INFO -                Symfony2-Plugin - clean ServiceXmlParserFactory for test-sf2 
2014-11-13 22:36:39,394 [  32785]   INFO - org.jetbrains.io.BuiltInServer - web server stopped 
2014-11-13 22:36:39,395 [  32786]   INFO - Types.impl.FileTypeManagerImpl - FileTypeManager: 4 auto-detected files
Elapsed time on auto-detect: 2 ms 
2014-11-13 22:36:39,406 [  32797]   INFO - il.indexing.FileBasedIndexImpl - START INDEX SHUTDOWN 
2014-11-13 22:36:39,418 [  32809]   INFO - il.indexing.FileBasedIndexImpl - END INDEX SHUTDOWN 
2014-11-13 22:36:39,418 [  32809]   INFO - stubs.SerializationManagerImpl - START StubSerializationManager SHUTDOWN 
2014-11-13 22:36:39,419 [  32810]   INFO - stubs.SerializationManagerImpl - END StubSerializationManager SHUTDOWN 
2014-11-13 22:36:39,419 [  32810]   INFO - .history.utils.LocalHistoryLog - Purging local history... 
2014-11-13 22:36:39,420 [  32811]   INFO - .history.utils.LocalHistoryLog - Local history storage successfully closed. 
2014-11-13 22:36:39,552 [  32943]   WARN - api.vfs.impl.local.FileWatcher - Watcher terminated with exit code 0 
2014-11-13 22:36:39,552 [  32943]   INFO - newvfs.persistent.PersistentFS - VFS dispose started 
2014-11-13 22:36:39,554 [  32945]   INFO - newvfs.persistent.PersistentFS - VFS dispose completed 
2014-11-13 22:36:39,556 [  32947]  ERROR - til.concurrency.QueueProcessor - java.lang.InterruptedException 
com.intellij.openapi.application.RuntimeInterruptedException: java.lang.InterruptedException
	at com.intellij.openapi.application.impl.ApplicationImpl.runReadAction(ApplicationImpl.java:939)
	at com.intellij.openapi.vcs.changes.VcsDirtyScopeManagerImpl.filePathsDirty(VcsDirtyScopeManagerImpl.java:161)
	at com.intellij.openapi.vcs.changes.VcsDirtyScopeVfsListener$FileAndDirsCollector.a(VcsDirtyScopeVfsListener.java:251)
	at com.intellij.openapi.vcs.changes.VcsDirtyScopeVfsListener$FileAndDirsCollector.access$300(VcsDirtyScopeVfsListener.java:196)
	at com.intellij.openapi.vcs.changes.VcsDirtyScopeVfsListener$1.run(VcsDirtyScopeVfsListener.java:92)
	at com.intellij.openapi.vcs.ZipperUpdater$1.run(ZipperUpdater.java:64)
	at com.intellij.util.concurrency.QueueProcessor.runSafely(QueueProcessor.java:238)
	at com.intellij.util.Alarm$Request$1.run(Alarm.java:327)
	at java.util.concurrent.Executors$RunnableAdapter.call(Executors.java:471)
	at java.util.concurrent.FutureTask.run(FutureTask.java:262)
	at com.intellij.util.concurrency.QueueProcessor$RunnableConsumer.consume(QueueProcessor.java:298)
	at com.intellij.util.concurrency.QueueProcessor$RunnableConsumer.consume(QueueProcessor.java:295)
	at com.intellij.util.concurrency.QueueProcessor$2$1.run(QueueProcessor.java:110)
	at com.intellij.util.concurrency.QueueProcessor.runSafely(QueueProcessor.java:238)
	at com.intellij.util.concurrency.QueueProcessor$2.consume(QueueProcessor.java:107)
	at com.intellij.util.concurrency.QueueProcessor$2.consume(QueueProcessor.java:104)
	at com.intellij.util.concurrency.QueueProcessor$3$1.run(QueueProcessor.java:215)
	at com.intellij.util.concurrency.QueueProcessor.runSafely(QueueProcessor.java:238)
	at com.intellij.util.concurrency.QueueProcessor$3.run(QueueProcessor.java:212)
	at com.intellij.openapi.application.impl.ApplicationImpl$9.run(ApplicationImpl.java:447)
	at java.util.concurrent.Executors$RunnableAdapter.call(Executors.java:471)
	at java.util.concurrent.FutureTask.run(FutureTask.java:262)
	at java.util.concurrent.ThreadPoolExecutor.runWorker(ThreadPoolExecutor.java:1145)
	at java.util.concurrent.ThreadPoolExecutor$Worker.run(ThreadPoolExecutor.java:615)
	at java.lang.Thread.run(Thread.java:745)
	at com.intellij.openapi.application.impl.ApplicationImpl$1$1.run(ApplicationImpl.java:149)
Caused by: java.lang.InterruptedException
	at java.util.concurrent.locks.AbstractQueuedSynchronizer.doAcquireSharedInterruptibly(AbstractQueuedSynchronizer.java:996)
	at java.util.concurrent.locks.AbstractQueuedSynchronizer.acquireSharedInterruptibly(AbstractQueuedSynchronizer.java:1303)
	at java.util.concurrent.locks.ReentrantReadWriteLock$ReadLock.lockInterruptibly(ReentrantReadWriteLock.java:776)
	at com.intellij.openapi.application.impl.ApplicationImpl.runReadAction(ApplicationImpl.java:935)
	... 25 more
2014-11-13 22:36:39,557 [  32948]  ERROR - til.concurrency.QueueProcessor - PhpStorm 8.0.1  Build #PS-138.2001.2328 
2014-11-13 22:36:39,557 [  32948]  ERROR - til.concurrency.QueueProcessor - JDK: 1.7.0_65 
2014-11-13 22:36:39,557 [  32948]  ERROR - til.concurrency.QueueProcessor - VM: OpenJDK 64-Bit Server VM 
2014-11-13 22:36:39,557 [  32948]  ERROR - til.concurrency.QueueProcessor - Vendor: Oracle Corporation 
2014-11-13 22:36:39,557 [  32948]  ERROR - til.concurrency.QueueProcessor - OS: Linux 
2014-11-13 22:36:39,557 [  32948]   INFO -        #com.intellij.idea.Main - ------------------------------------------------------ IDE SHUTDOWN ------------------------------------------------------ 
2014-11-15 19:06:56,635 [      0]   INFO -        #com.intellij.idea.Main - ------------------------------------------------------ IDE STARTED ------------------------------------------------------ 
2014-11-15 19:06:56,648 [     13]   INFO -        #com.intellij.idea.Main - IDE: PhpStorm (build #PS-138.2001.2328, 18 Sep 2014 00:00) 
2014-11-15 19:06:56,648 [     13]   INFO -        #com.intellij.idea.Main - OS: Linux (3.16.0-4-amd64, amd64) 
2014-11-15 19:06:56,648 [     13]   INFO -        #com.intellij.idea.Main - JRE: 1.7.0_65-b32 (Oracle Corporation) 
2014-11-15 19:06:56,648 [     13]   INFO -        #com.intellij.idea.Main - JVM: 24.65-b04 (OpenJDK 64-Bit Server VM) 
2014-11-15 19:06:56,652 [     17]   INFO -        #com.intellij.idea.Main - JVM Args: -Xms128m -Xmx750m -XX:MaxPermSize=350m -XX:ReservedCodeCacheSize=225m -ea -Dsun.io.useCanonCaches=false -Djava.net.preferIPv4Stack=true -Djsse.enableSNIExtension=false -XX:+UseConcMarkSweepGC -XX:SoftRefLRUPolicyMSPerMB=50 -Dawt.useSystemAAFontSettings=lcd -Djb.vmOptionsFile=/home/benoit/PhpStorm/bin/phpstorm64.vmoptions -Xbootclasspath/a:/home/benoit/PhpStorm/bin/../lib/boot.jar -Didea.paths.selector=WebIde80 -Didea.platform.prefix=PhpStorm -Didea.no.jre.check=true -Djb.restart.code=88 
2014-11-15 19:06:56,668 [     33]   INFO -        #com.intellij.idea.Main - JNA library loaded (64-bit) in 16 ms 
2014-11-15 19:06:56,813 [    178]   INFO - .intellij.idea.IdeaApplication - WM detected: GNOME Shell 
2014-11-15 19:06:56,814 [    179]   INFO - llij.openapi.wm.impl.X11UiUtil - impersonated WM: MUTTER_WM 
2014-11-15 19:06:57,126 [    491]   INFO - llij.ide.plugins.PluginManager - Cannot find optional descriptor uml-java-support.xml 
2014-11-15 19:06:57,134 [    499]   INFO - llij.ide.plugins.PluginManager - Cannot find optional descriptor uml-properties-support.xml 
2014-11-15 19:06:57,793 [   1158]   INFO - llij.ide.plugins.PluginManager - 54 plugins initialized in 834 ms 
2014-11-15 19:06:57,794 [   1159]   INFO - llij.ide.plugins.PluginManager - Loaded bundled plugins: ASP (0.1), Apache config (.htaccess) support (138.2001.2328), Behat Support (138.2001.2328), Blade Support (138.2001.2328), CSS Support, CVS Integration (11), CoffeeScript (2.0), Command Line Tool Support (138.2001.2328), Database Tools and SQL (1.0), Drupal Support (138.2001.2328), File Watchers (138.2001.2328), Framework MVC Structure Support (138.2001.2328), GNU GetText files support (*.po) (136.SNAPSHOT), Gherkin (999.999), Git Integration (8.1), GitHub, Google App Engine Support for PHP (138.2001.2328), HAML, HTML Tools (2.0), IDEA CORE, Ini4Idea (138.2001.2328), IntelliLang (8.0), Java Server Pages Integration (1.0), JavaScript Debugger (1.0), JavaScript Intention Power Pack (0.9.4), JavaScript Support (1.0), LESS support, PHP (138.2001.2328), PHP Remote Interpreter (138.2001.2328), Perforce Integration (2.0), Phing Support (138.2001.2328), QuirksMode, REST Client, ReStructuredText Support (136.SNAPSHOT), Refactor-X (2.01), Remote Hosts Access (0.1), SASS support, SSH Remote Run (0.1), Subversion Integration (1.1), Task Management (1.0), Terminal (0.1), TextMate bundles support (VERSION), Twig Support (138.2001.2328), UML Support (1.0), Vagrant (138.2001.2328), W3C Validators (2.0), WordPress Support (138.2001.2328), XPathView + XSLT Support (4), XSLT-Debugger (1.4), YAML, hg4idea (10.0) 
2014-11-15 19:06:57,794 [   1159]   INFO - llij.ide.plugins.PluginManager - Loaded custom plugins: PHP Annotations (1.5.1), PHPUnit code coverage (0.5.0), Symfony2 Plugin (0.11.77) 
2014-11-15 19:06:58,272 [   1637]   INFO - ellij.util.io.PagedFileStorage - lower=100; upper=200; buffer=10; max=739246080 
2014-11-15 19:06:58,339 [   1704]   INFO - api.vfs.impl.local.FileWatcher - Starting file watcher: /home/benoit/PhpStorm/bin/fsnotifier64 
2014-11-15 19:06:58,346 [   1711]   INFO - api.vfs.impl.local.FileWatcher - Native file watcher is operational. 
2014-11-15 19:06:58,410 [   1775]   INFO - s.impl.stores.FileBasedStorage - Document was not loaded for $APP_CONFIG$/path.macros.xml file is null 
2014-11-15 19:06:58,415 [   1780]   INFO - pi.util.registry.RegistryState - Registry values changed by user: 
2014-11-15 19:06:58,416 [   1781]   INFO - pi.util.registry.RegistryState -   ide.new.settings.dialog = false 
2014-11-15 19:06:59,337 [   2702]   INFO - s.impl.stores.FileBasedStorage - Document was not loaded for $APP_CONFIG$/proxy.settings.xml file is null 
2014-11-15 19:06:59,344 [   2709]   INFO - lij.diagnostic.DebugLogManager - Set DEBUG for the following categories: [] 
2014-11-15 19:06:59,484 [   2849]   INFO - s.impl.stores.FileBasedStorage - Document was not loaded for $APP_CONFIG$/abbreviations.xml file is null 
2014-11-15 19:06:59,588 [   2953]   INFO - s.impl.stores.FileBasedStorage - Document was not loaded for $APP_CONFIG$/macros.xml file is null 
2014-11-15 19:06:59,594 [   2959]   INFO - s.impl.stores.FileBasedStorage - Document was not loaded for $APP_CONFIG$/quicklists.xml file is null 
2014-11-15 19:07:00,419 [   3784]   INFO - s.impl.stores.FileBasedStorage - Document was not loaded for $APP_CONFIG$/terminal.xml file is null 
2014-11-15 19:07:00,478 [   3843]   INFO - s.impl.stores.FileBasedStorage - Document was not loaded for $APP_CONFIG$/textmate.xml file is null 
2014-11-15 19:07:00,484 [   3849]   INFO - pl.stores.ApplicationStoreImpl - 82 application components initialized in 2669 ms 
2014-11-15 19:07:00,487 [   3852]   INFO - .intellij.idea.IdeaApplication - App initialization took 4614 ms 
2014-11-15 19:07:00,606 [   3971]   INFO - s.impl.stores.FileBasedStorage - Document was not loaded for $APP_CONFIG$/customization.xml file is null 
2014-11-15 19:07:00,671 [   4036]   INFO - om.intellij.util.ProfilingUtil - Profiling agent is not enabled. Add -agentlib:yjpagent to idea.vmoptions if necessary to profile IDEA. 
2014-11-15 19:07:01,772 [   5137]   INFO - s.impl.stores.FileBasedStorage - Document was not loaded for $APP_CONFIG$/vcs.xml file is null 
2014-11-15 19:07:01,950 [   5315]   INFO - ellij.project.impl.ProjectImpl - 130 project components initialized in 847 ms 
2014-11-15 19:07:02,018 [   5383]   INFO - le.impl.ModuleManagerComponent - 1 module(s) loaded in 68 ms 
2014-11-15 19:07:02,269 [   5634]   INFO - roject.impl.ProjectManagerImpl - FW/roots waiting started 
2014-11-15 19:07:02,411 [   5776]   INFO - s.impl.stores.FileBasedStorage - Document was not loaded for $PROJECT_CONFIG_DIR$/templateLanguages.xml file is null 
2014-11-15 19:07:02,412 [   5777]   INFO - s.impl.stores.FileBasedStorage - Document was not loaded for $APP_CONFIG$/templateLanguages.xml file is null 
2014-11-15 19:07:02,422 [   5787]   INFO - rains.ide.BuiltInServerManager - built-in server started, port 63342 
2014-11-15 19:07:02,889 [   6254]   INFO - s.impl.stores.FileBasedStorage - Document was not loaded for $PROJECT_CONFIG_DIR$/fileColors.xml file is null 
2014-11-15 19:07:03,166 [   6531]   INFO - s.impl.stores.FileBasedStorage - Document was not loaded for $PROJECT_CONFIG_DIR$/watcherTasks.xml file is null 
2014-11-15 19:07:03,246 [   6611]   INFO - s.impl.stores.FileBasedStorage - Document was not loaded for $PROJECT_CONFIG_DIR$/phing.xml file is null 
2014-11-15 19:07:03,557 [   6922]   INFO - roject.impl.ProjectManagerImpl - FW/roots waiting finished 
2014-11-15 19:07:03,634 [   6999]   INFO - s.impl.stores.FileBasedStorage - Document was not loaded for $PROJECT_CONFIG_DIR$/IntelliLang.xml file is null 
2014-11-15 19:07:03,670 [   7035]   INFO - s.impl.stores.FileBasedStorage - Document was not loaded for $PROJECT_CONFIG_DIR$/sqldialects.xml file is null 
2014-11-15 19:07:04,696 [   8061]   INFO - s.impl.stores.FileBasedStorage - Document was not loaded for $PROJECT_CONFIG_DIR$/webResources.xml file is null 
2014-11-15 19:07:04,714 [   8079]   INFO - tor.impl.FileEditorManagerImpl - Project opening took 3636 ms 
2014-11-15 19:07:04,797 [   8162]   INFO - s.impl.stores.FileBasedStorage - Document was not loaded for $APP_CONFIG$/applicationLibraries.xml file is null 
2014-11-15 19:07:04,804 [   8169]   INFO - indexing.UnindexedFilesUpdater - Indexable files iterated in 611 ms 
2014-11-15 19:07:05,074 [   8439]   INFO - s.impl.stores.FileBasedStorage - Document was not loaded for $APP_CONFIG$/remote-servers.xml file is null 
2014-11-15 19:07:05,197 [   8562]   INFO - s.impl.stores.FileBasedStorage - Document was not loaded for $PROJECT_CONFIG_DIR$/jsLibraryMappings.xml file is null 
2014-11-15 19:07:05,790 [   9155]   INFO -                Symfony2-Plugin - new instance: fr.adrienbrault.idea.symfony2plugin.dic.XmlServiceParser 
2014-11-15 19:07:05,907 [   9272]   INFO -                Symfony2-Plugin - update: fr.adrienbrault.idea.symfony2plugin.dic.XmlServiceParser 
2014-11-15 19:07:06,032 [   9397]   INFO -                Symfony2-Plugin - new instance: fr.adrienbrault.idea.symfony2plugin.config.component.parser.ParameterServiceParser 
2014-11-15 19:07:06,233 [   9598]   INFO -                Symfony2-Plugin - update: fr.adrienbrault.idea.symfony2plugin.config.component.parser.ParameterServiceParser 
2014-11-15 19:07:06,233 [   9598]   INFO -                Symfony2-Plugin - new instance: fr.adrienbrault.idea.symfony2plugin.templating.path.TwigPathServiceParser 
2014-11-15 19:07:06,350 [   9715]   INFO -                Symfony2-Plugin - update: fr.adrienbrault.idea.symfony2plugin.templating.path.TwigPathServiceParser 
2014-11-15 19:07:06,423 [   9788]   INFO -                Symfony2-Plugin - update routing: /home/benoit/workspace/test-sf2/app/cache/dev/appDevUrlGenerator.php 
2014-11-15 19:07:07,520 [  10885]   INFO - s.impl.stores.FileBasedStorage - Document was not loaded for $APP_CONFIG$/intentionSettings.xml file is null 
2014-11-15 19:07:07,816 [  11181]   INFO - s.impl.stores.FileBasedStorage - Document was not loaded for $APP_CONFIG$/cachedDictionary.xml file is null 
2014-11-15 19:07:08,559 [  11924]   INFO - s.impl.stores.FileBasedStorage - Document was not loaded for $APP_CONFIG$/dataSources.xml file is null 
2014-11-15 19:07:08,560 [  11925]   INFO - s.impl.stores.FileBasedStorage - Document was not loaded for $PROJECT_CONFIG_DIR$/dataSources.xml file is null 
2014-11-15 19:07:08,564 [  11929]   INFO - s.impl.stores.FileBasedStorage - Document was not loaded for $PROJECT_CONFIG_DIR$/sqlDataSources.xml file is null 
2014-11-15 19:07:12,991 [  16356]   INFO - s.impl.stores.FileBasedStorage - Document was not loaded for $APP_CONFIG$/file.template.settings.xml file is null 
2014-11-15 19:07:57,490 [  60855]   INFO - s.impl.stores.FileBasedStorage - Document was not loaded for $PROJECT_CONFIG_DIR$/dataSources.local.xml file is null 
2014-11-15 19:07:57,700 [  61065]   INFO - s.impl.stores.FileBasedStorage - Document was not loaded for $APP_CONFIG$/dataSources.local.xml file is null 
